--
-- REPLICATE_REF_TABLES_ON_COORDINATOR
--
CREATE SCHEMA replicate_ref_to_coordinator;
SET search_path TO 'replicate_ref_to_coordinator';
SET citus.shard_replication_factor TO 1;
SET citus.shard_count TO 4;
SET citus.next_shard_id TO 8000000;
SET citus.next_placement_id TO 8000000;
--- enable logging to see which tasks are executed locally
SET client_min_messages TO LOG;
SET citus.log_local_commands TO ON;
CREATE TABLE squares(a int, b int);
SELECT create_reference_table('squares');
 create_reference_table 
------------------------
 
(1 row)

INSERT INTO squares SELECT i, i * i FROM generate_series(1, 10) i;
-- should be executed locally
SELECT count(*) FROM squares;
LOG:  executing the command locally: SELECT count(*) AS count FROM replicate_ref_to_coordinator.squares_8000000 squares
 count 
-------
    10
(1 row)

-- create a second reference table
CREATE TABLE numbers(a int);
SELECT create_reference_table('numbers');
 create_reference_table 
------------------------
 
(1 row)

INSERT INTO numbers VALUES (20), (21);
LOG:  executing the command locally: INSERT INTO replicate_ref_to_coordinator.numbers_8000001 AS citus_table_alias (a) VALUES (20), (21)
-- INSERT ... SELECT between reference tables
BEGIN;
EXPLAIN INSERT INTO squares SELECT a, a*a FROM numbers;
                                          QUERY PLAN                                           
-----------------------------------------------------------------------------------------------
 Custom Scan (Citus Adaptive)  (cost=0.00..0.00 rows=0 width=0)
   Task Count: 1
   Tasks Shown: All
   ->  Task
         Node: host=localhost port=57636 dbname=regression
         ->  Insert on squares_8000000 citus_table_alias  (cost=0.00..41.88 rows=2550 width=8)
               ->  Seq Scan on numbers_8000001 numbers  (cost=0.00..41.88 rows=2550 width=8)
(7 rows)

INSERT INTO squares SELECT a, a*a FROM numbers;
SELECT * FROM squares WHERE a >= 20 ORDER BY a;
 a  |  b  
----+-----
 20 | 400
 21 | 441
(2 rows)

ROLLBACK;
BEGIN;
EXPLAIN INSERT INTO numbers SELECT a FROM squares WHERE a < 3;
                                          QUERY PLAN                                          
----------------------------------------------------------------------------------------------
 Custom Scan (Citus Adaptive)  (cost=0.00..0.00 rows=0 width=0)
   Task Count: 1
   Tasks Shown: All
   ->  Task
         Node: host=localhost port=57636 dbname=regression
         ->  Insert on numbers_8000001 citus_table_alias  (cost=0.00..38.25 rows=753 width=4)
               ->  Seq Scan on squares_8000000 squares  (cost=0.00..38.25 rows=753 width=4)
                     Filter: (a < 3)
(8 rows)

INSERT INTO numbers SELECT a FROM squares WHERE a < 3;
SELECT * FROM numbers ORDER BY a;
 a  
----
  1
  2
 20
 21
(4 rows)

ROLLBACK;
-- Make sure we hide shard tables ...
 SELECT citus_table_is_visible('numbers_8000001'::regclass::oid);
 citus_table_is_visible 
------------------------
 f
(1 row)

-- clean-up
SET client_min_messages TO ERROR;
DROP SCHEMA replicate_ref_to_coordinator CASCADE;
-- Make sure the shard was dropped
 SELECT 'numbers_8000001'::regclass::oid;
ERROR:  relation "numbers_8000001" does not exist
LINE 1: SELECT 'numbers_8000001'::regclass::oid;
               ^
SET search_path TO DEFAULT;
RESET client_min_messages;
